<?xml version="1.0" encoding="UTF-8"?>
<!-- Generated by org.testng.reporters.JUnitReportReporter -->
<testsuite hostname="Meghas-MBP" failures="0" tests="3" name="collect.SetPract" time="0.018" errors="0" timestamp="2021-03-30T02:46:42 EDT" skipped="0">
  <testcase classname="collect.SetPract" name="test1" time="0.014"/>
  <system-out/>
  <testcase classname="collect.SetPract" name="test12" time="0.002"/>
  <system-out/>
  <testcase classname="collect.SetPract" name="test142" time="0.002"/>
  <system-out/>
</testsuite> <!-- collect.SetPract -->
