<?xml version="1.0" encoding="UTF-8"?>
<!-- Generated by org.testng.reporters.JUnitReportReporter -->
<testsuite hostname="Meghas-MBP" failures="0" tests="1" name="collect2.SetPract2" time="0.014" errors="0" timestamp="2021-03-31T00:21:28 EDT" skipped="0">
  <testcase classname="collect2.SetPract2" name="test1" time="0.014"/>
  <system-out/>
</testsuite> <!-- collect2.SetPract2 -->
