<?xml version="1.0" encoding="UTF-8"?>
<!-- Generated by org.testng.reporters.JUnitReportReporter -->
<testsuite hostname="Meghas-MBP" failures="0" tests="1" name="collect.MapPractice" time="0.023" errors="0" timestamp="2021-03-31T22:26:17 EDT" skipped="0">
  <testcase classname="collect.MapPractice" name="countEachCharacter" time="0.023"/>
  <system-out/>
</testsuite> <!-- collect.MapPractice -->
