<?xml version="1.0" encoding="UTF-8"?>
<!-- Generated by org.testng.reporters.JUnitReportReporter -->
<testsuite hostname="Meghas-MBP" failures="0" tests="1" name="newcollect.NewSetPract" time="0.009" errors="0" timestamp="2021-03-31T00:19:37 EDT" skipped="0">
  <testcase classname="newcollect.NewSetPract" name="test1" time="0.009"/>
  <system-out/>
</testsuite> <!-- newcollect.NewSetPract -->
